<?xml version="1.0" encoding="UTF-8"?>
<testng-results skipped="0" failed="1" ignored="0" total="6" passed="5">
  <reporter-output>
  </reporter-output>
  <suite name="RailWays Cafe" duration-ms="193630" started-at="2019-02-11T21:49:56Z" finished-at="2019-02-11T21:53:09Z">
    <groups>
    </groups>
    <test name="Smoke Test" duration-ms="193630" started-at="2019-02-11T21:49:56Z" finished-at="2019-02-11T21:53:09Z">
      <class name="com.cafe.qa.testcases.LoginPageTest">
        <test-method status="PASS" signature="setUp()[pri:0, instance:com.cafe.qa.testcases.LoginPageTest@13deb50e]" name="setUp" is-config="true" duration-ms="4828" started-at="2019-02-11T21:52:46Z" finished-at="2019-02-11T21:52:51Z">
          <reporter-output>
          </reporter-output>
        </test-method> <!-- setUp -->
        <test-method status="PASS" signature="loginPageFunctionality()[pri:1, instance:com.cafe.qa.testcases.LoginPageTest@13deb50e]" name="loginPageFunctionality" duration-ms="7" started-at="2019-02-11T21:52:51Z" finished-at="2019-02-11T21:52:51Z">
          <reporter-output>
          </reporter-output>
        </test-method> <!-- loginPageFunctionality -->
        <test-method status="PASS" signature="tearDown()[pri:0, instance:com.cafe.qa.testcases.LoginPageTest@13deb50e]" name="tearDown" is-config="true" duration-ms="58" started-at="2019-02-11T21:52:51Z" finished-at="2019-02-11T21:52:51Z">
          <reporter-output>
          </reporter-output>
        </test-method> <!-- tearDown -->
        <test-method status="PASS" signature="setUp()[pri:0, instance:com.cafe.qa.testcases.LoginPageTest@13deb50e]" name="setUp" is-config="true" duration-ms="6194" started-at="2019-02-11T21:52:51Z" finished-at="2019-02-11T21:52:57Z">
          <reporter-output>
          </reporter-output>
        </test-method> <!-- setUp -->
        <test-method status="PASS" signature="LoginTest()[pri:2, instance:com.cafe.qa.testcases.LoginPageTest@13deb50e]" name="LoginTest" duration-ms="9309" started-at="2019-02-11T21:52:57Z" finished-at="2019-02-11T21:53:07Z">
          <reporter-output>
          </reporter-output>
        </test-method> <!-- LoginTest -->
        <test-method status="PASS" signature="tearDown()[pri:0, instance:com.cafe.qa.testcases.LoginPageTest@13deb50e]" name="tearDown" is-config="true" duration-ms="2371" started-at="2019-02-11T21:53:07Z" finished-at="2019-02-11T21:53:09Z">
          <reporter-output>
          </reporter-output>
        </test-method> <!-- tearDown -->
      </class> <!-- com.cafe.qa.testcases.LoginPageTest -->
      <class name="com.cafe.qa.testcases.DeleteUserTest">
        <test-method status="PASS" signature="setUp()[pri:0, instance:com.cafe.qa.testcases.DeleteUserTest@57fffcd7]" name="setUp" is-config="true" duration-ms="14929" started-at="2019-02-11T21:49:56Z" finished-at="2019-02-11T21:50:10Z">
          <reporter-output>
          </reporter-output>
        </test-method> <!-- setUp -->
        <test-method status="PASS" signature="DeleteUser()[pri:0, instance:com.cafe.qa.testcases.DeleteUserTest@57fffcd7]" name="DeleteUser" duration-ms="35206" started-at="2019-02-11T21:50:10Z" finished-at="2019-02-11T21:50:46Z">
          <reporter-output>
          </reporter-output>
        </test-method> <!-- DeleteUser -->
        <test-method status="PASS" signature="tearDown()[pri:0, instance:com.cafe.qa.testcases.DeleteUserTest@57fffcd7]" name="tearDown" is-config="true" duration-ms="2383" started-at="2019-02-11T21:50:46Z" finished-at="2019-02-11T21:50:48Z">
          <reporter-output>
          </reporter-output>
        </test-method> <!-- tearDown -->
      </class> <!-- com.cafe.qa.testcases.DeleteUserTest -->
      <class name="com.cafe.qa.testcases.EditNewUser">
        <test-method status="PASS" signature="setUp()[pri:0, instance:com.cafe.qa.testcases.EditNewUser@3abbfa04]" name="setUp" is-config="true" duration-ms="14786" started-at="2019-02-11T21:51:53Z" finished-at="2019-02-11T21:52:08Z">
          <reporter-output>
          </reporter-output>
        </test-method> <!-- setUp -->
        <test-method status="FAIL" signature="validateEditUserPage()[pri:1, instance:com.cafe.qa.testcases.EditNewUser@3abbfa04]" name="validateEditUserPage" duration-ms="36115" started-at="2019-02-11T21:52:08Z" finished-at="2019-02-11T21:52:44Z">
          <exception class="org.openqa.selenium.NoSuchElementException">
            <message>
              <![CDATA[no such element: Unable to locate element: {"method":"xpath","selector":"//li[contains(text(),'Test1234')]"}
  (Session info: chrome=71.0.3578.98)
  (Driver info: chromedriver=2.42.591088 (7b2b2dca23cca0862f674758c9a3933e685c27d5),platform=Windows NT 10.0.17134 x86_64) (WARNING: The server did not provide any stacktrace information)
Command duration or timeout: 0 milliseconds
For documentation on this error, please visit: https://www.seleniumhq.org/exceptions/no_such_element.html
Build info: version: '3.141.59', revision: 'e82be7d358', time: '2018-11-14T08:17:03'
System info: host: 'LAPTOP-CL9FEVJO', ip: '192.168.56.1', os.name: 'Windows 10', os.arch: 'amd64', os.version: '10.0', java.version: '1.8.0_191'
Driver info: org.openqa.selenium.chrome.ChromeDriver
Capabilities {acceptInsecureCerts: false, acceptSslCerts: false, applicationCacheEnabled: false, browserConnectionEnabled: false, browserName: chrome, chrome: {chromedriverVersion: 2.42.591088 (7b2b2dca23cca0..., userDataDir: C:\Users\SHRUTH~1\AppData\L...}, cssSelectorsEnabled: true, databaseEnabled: false, goog:chromeOptions: {debuggerAddress: localhost:58464}, handlesAlerts: true, hasTouchScreen: false, javascriptEnabled: true, locationContextEnabled: true, mobileEmulationEnabled: false, nativeEvents: true, networkConnectionEnabled: false, pageLoadStrategy: normal, platform: XP, platformName: XP, rotatable: false, setWindowRect: true, takesHeapSnapshot: true, takesScreenshot: true, unexpectedAlertBehaviour: , unhandledPromptBehavior: , version: 71.0.3578.98, webStorageEnabled: true}
Session ID: ade304aa9e306b1a545af9445def6af0
*** Element info: {Using=xpath, value=//li[contains(text(),'Test1234')]}]]>
            </message>
            <full-stacktrace>
              <![CDATA[org.openqa.selenium.NoSuchElementException: no such element: Unable to locate element: {"method":"xpath","selector":"//li[contains(text(),'Test1234')]"}
  (Session info: chrome=71.0.3578.98)
  (Driver info: chromedriver=2.42.591088 (7b2b2dca23cca0862f674758c9a3933e685c27d5),platform=Windows NT 10.0.17134 x86_64) (WARNING: The server did not provide any stacktrace information)
Command duration or timeout: 0 milliseconds
For documentation on this error, please visit: https://www.seleniumhq.org/exceptions/no_such_element.html
Build info: version: '3.141.59', revision: 'e82be7d358', time: '2018-11-14T08:17:03'
System info: host: 'LAPTOP-CL9FEVJO', ip: '192.168.56.1', os.name: 'Windows 10', os.arch: 'amd64', os.version: '10.0', java.version: '1.8.0_191'
Driver info: org.openqa.selenium.chrome.ChromeDriver
Capabilities {acceptInsecureCerts: false, acceptSslCerts: false, applicationCacheEnabled: false, browserConnectionEnabled: false, browserName: chrome, chrome: {chromedriverVersion: 2.42.591088 (7b2b2dca23cca0..., userDataDir: C:\Users\SHRUTH~1\AppData\L...}, cssSelectorsEnabled: true, databaseEnabled: false, goog:chromeOptions: {debuggerAddress: localhost:58464}, handlesAlerts: true, hasTouchScreen: false, javascriptEnabled: true, locationContextEnabled: true, mobileEmulationEnabled: false, nativeEvents: true, networkConnectionEnabled: false, pageLoadStrategy: normal, platform: XP, platformName: XP, rotatable: false, setWindowRect: true, takesHeapSnapshot: true, takesScreenshot: true, unexpectedAlertBehaviour: , unhandledPromptBehavior: , version: 71.0.3578.98, webStorageEnabled: true}
Session ID: ade304aa9e306b1a545af9445def6af0
*** Element info: {Using=xpath, value=//li[contains(text(),'Test1234')]}
at sun.reflect.NativeConstructorAccessorImpl.newInstance0(Native Method)
at sun.reflect.NativeConstructorAccessorImpl.newInstance(NativeConstructorAccessorImpl.java:62)
at sun.reflect.DelegatingConstructorAccessorImpl.newInstance(DelegatingConstructorAccessorImpl.java:45)
at java.lang.reflect.Constructor.newInstance(Constructor.java:423)
at org.openqa.selenium.remote.ErrorHandler.createThrowable(ErrorHandler.java:214)
at org.openqa.selenium.remote.ErrorHandler.throwIfResponseFailed(ErrorHandler.java:166)
at org.openqa.selenium.remote.http.JsonHttpResponseCodec.reconstructValue(JsonHttpResponseCodec.java:40)
at org.openqa.selenium.remote.http.AbstractHttpResponseCodec.decode(AbstractHttpResponseCodec.java:80)
at org.openqa.selenium.remote.http.AbstractHttpResponseCodec.decode(AbstractHttpResponseCodec.java:44)
at org.openqa.selenium.remote.HttpCommandExecutor.execute(HttpCommandExecutor.java:158)
at org.openqa.selenium.remote.service.DriverCommandExecutor.execute(DriverCommandExecutor.java:83)
at org.openqa.selenium.remote.RemoteWebDriver.execute(RemoteWebDriver.java:552)
at org.openqa.selenium.remote.RemoteWebElement.execute(RemoteWebElement.java:285)
at org.openqa.selenium.remote.RemoteWebElement.findElement(RemoteWebElement.java:185)
at org.openqa.selenium.remote.RemoteWebElement.findElementByXPath(RemoteWebElement.java:261)
at org.openqa.selenium.By$ByXPath.findElement(By.java:353)
at org.openqa.selenium.remote.RemoteWebElement.findElement(RemoteWebElement.java:181)
at sun.reflect.NativeMethodAccessorImpl.invoke0(Native Method)
at sun.reflect.NativeMethodAccessorImpl.invoke(NativeMethodAccessorImpl.java:62)
at sun.reflect.DelegatingMethodAccessorImpl.invoke(DelegatingMethodAccessorImpl.java:43)
at java.lang.reflect.Method.invoke(Method.java:498)
at org.openqa.selenium.support.events.EventFiringWebDriver$EventFiringWebElement.lambda$new$0(EventFiringWebDriver.java:404)
at com.sun.proxy.$Proxy13.findElement(Unknown Source)
at org.openqa.selenium.support.events.EventFiringWebDriver$EventFiringWebElement.findElement(EventFiringWebDriver.java:496)
at sun.reflect.NativeMethodAccessorImpl.invoke0(Native Method)
at sun.reflect.NativeMethodAccessorImpl.invoke(NativeMethodAccessorImpl.java:62)
at sun.reflect.DelegatingMethodAccessorImpl.invoke(DelegatingMethodAccessorImpl.java:43)
at java.lang.reflect.Method.invoke(Method.java:498)
at org.openqa.selenium.support.pagefactory.internal.LocatingElementHandler.invoke(LocatingElementHandler.java:51)
at com.sun.proxy.$Proxy12.findElement(Unknown Source)
at com.cafe.qa.pages.HomePage.validateUser(HomePage.java:88)
at com.cafe.qa.testcases.EditNewUser.validateEditUserPage(EditNewUser.java:44)
at sun.reflect.NativeMethodAccessorImpl.invoke0(Native Method)
at sun.reflect.NativeMethodAccessorImpl.invoke(NativeMethodAccessorImpl.java:62)
at sun.reflect.DelegatingMethodAccessorImpl.invoke(DelegatingMethodAccessorImpl.java:43)
at java.lang.reflect.Method.invoke(Method.java:498)
at org.testng.internal.MethodInvocationHelper.invokeMethod(MethodInvocationHelper.java:124)
at org.testng.internal.Invoker.invokeMethod(Invoker.java:580)
at org.testng.internal.Invoker.invokeTestMethod(Invoker.java:716)
at org.testng.internal.Invoker.invokeTestMethods(Invoker.java:988)
at org.testng.internal.TestMethodWorker.invokeTestMethods(TestMethodWorker.java:125)
at org.testng.internal.TestMethodWorker.run(TestMethodWorker.java:109)
at org.testng.TestRunner.privateRun(TestRunner.java:648)
at org.testng.TestRunner.run(TestRunner.java:505)
at org.testng.SuiteRunner.runTest(SuiteRunner.java:455)
at org.testng.SuiteRunner.runSequentially(SuiteRunner.java:450)
at org.testng.SuiteRunner.privateRun(SuiteRunner.java:415)
at org.testng.SuiteRunner.run(SuiteRunner.java:364)
at org.testng.SuiteRunnerWorker.runSuite(SuiteRunnerWorker.java:52)
at org.testng.SuiteRunnerWorker.run(SuiteRunnerWorker.java:84)
at org.testng.TestNG.runSuitesSequentially(TestNG.java:1208)
at org.testng.TestNG.runSuitesLocally(TestNG.java:1137)
at org.testng.TestNG.runSuites(TestNG.java:1049)
at org.testng.TestNG.run(TestNG.java:1017)
at org.testng.remote.AbstractRemoteTestNG.run(AbstractRemoteTestNG.java:114)
at org.testng.remote.RemoteTestNG.initAndRun(RemoteTestNG.java:251)
at org.testng.remote.RemoteTestNG.main(RemoteTestNG.java:77)
]]>
            </full-stacktrace>
          </exception> <!-- org.openqa.selenium.NoSuchElementException -->
          <reporter-output>
          </reporter-output>
        </test-method> <!-- validateEditUserPage -->
        <test-method status="PASS" signature="tearDown()[pri:0, instance:com.cafe.qa.testcases.EditNewUser@3abbfa04]" name="tearDown" is-config="true" duration-ms="2373" started-at="2019-02-11T21:52:44Z" finished-at="2019-02-11T21:52:46Z">
          <reporter-output>
          </reporter-output>
        </test-method> <!-- tearDown -->
      </class> <!-- com.cafe.qa.testcases.EditNewUser -->
      <class name="com.cafe.qa.testcases.CreateNewUserTest">
        <test-method status="PASS" signature="setUp()[pri:0, instance:com.cafe.qa.testcases.CreateNewUserTest@239963d8]" name="setUp" is-config="true" duration-ms="13615" started-at="2019-02-11T21:50:48Z" finished-at="2019-02-11T21:51:02Z">
          <reporter-output>
          </reporter-output>
        </test-method> <!-- setUp -->
        <test-method status="PASS" signature="createNewUserTest(java.lang.String, java.lang.String, java.lang.String, java.lang.String)[pri:1, instance:com.cafe.qa.testcases.CreateNewUserTest@239963d8]" name="createNewUserTest" duration-ms="15873" started-at="2019-02-11T21:51:02Z" data-provider="getCreateUserData" finished-at="2019-02-11T21:51:18Z">
          <params>
            <param index="0">
              <value>
                <![CDATA[Ana]]>
              </value>
            </param>
            <param index="1">
              <value>
                <![CDATA[Storm]]>
              </value>
            </param>
            <param index="2">
              <value>
                <![CDATA[2019-02-01]]>
              </value>
            </param>
            <param index="3">
              <value>
                <![CDATA[anastorm@gmail.com]]>
              </value>
            </param>
          </params>
          <reporter-output>
          </reporter-output>
        </test-method> <!-- createNewUserTest -->
        <test-method status="PASS" signature="tearDown()[pri:0, instance:com.cafe.qa.testcases.CreateNewUserTest@239963d8]" name="tearDown" is-config="true" duration-ms="2382" started-at="2019-02-11T21:51:18Z" finished-at="2019-02-11T21:51:20Z">
          <reporter-output>
          </reporter-output>
        </test-method> <!-- tearDown -->
        <test-method status="PASS" signature="setUp()[pri:0, instance:com.cafe.qa.testcases.CreateNewUserTest@239963d8]" name="setUp" is-config="true" duration-ms="14555" started-at="2019-02-11T21:51:20Z" finished-at="2019-02-11T21:51:35Z">
          <reporter-output>
          </reporter-output>
        </test-method> <!-- setUp -->
        <test-method status="PASS" signature="createNewUserTest(java.lang.String, java.lang.String, java.lang.String, java.lang.String)[pri:1, instance:com.cafe.qa.testcases.CreateNewUserTest@239963d8]" name="createNewUserTest" duration-ms="15790" started-at="2019-02-11T21:51:35Z" data-provider="getCreateUserData" finished-at="2019-02-11T21:51:51Z">
          <params>
            <param index="0">
              <value>
                <![CDATA[Ben]]>
              </value>
            </param>
            <param index="1">
              <value>
                <![CDATA[Stinson]]>
              </value>
            </param>
            <param index="2">
              <value>
                <![CDATA[2019-01-01]]>
              </value>
            </param>
            <param index="3">
              <value>
                <![CDATA[benstinson@yahoo.com]]>
              </value>
            </param>
          </params>
          <reporter-output>
          </reporter-output>
        </test-method> <!-- createNewUserTest -->
        <test-method status="PASS" signature="tearDown()[pri:0, instance:com.cafe.qa.testcases.CreateNewUserTest@239963d8]" name="tearDown" is-config="true" duration-ms="2385" started-at="2019-02-11T21:51:51Z" finished-at="2019-02-11T21:51:53Z">
          <reporter-output>
          </reporter-output>
        </test-method> <!-- tearDown -->
      </class> <!-- com.cafe.qa.testcases.CreateNewUserTest -->
    </test> <!-- Smoke Test -->
  </suite> <!-- RailWays Cafe -->
</testng-results>
